<?xml version="1.0" encoding="UTF-8" ?>
<testsuite failures="0" time="1.481" errors="0" skipped="0" tests="12" name="org.sonar.plugins.jira.reviews.JiraIssueCreatorTest">
  <properties>
[...]
</properties>
  <testcase time="0.966" classname="org.sonar.plugins.jira.reviews.JiraIssueCreatorTest" name="shouldFailToCreateSoapSessionWithIncorrectUrl"/>
  <testcase time="0.424" classname="org.sonar.plugins.jira.reviews.JiraIssueCreatorTest" name="shouldCreateSoapSession"/>
  <testcase time="0.06" classname="org.sonar.plugins.jira.reviews.JiraIssueCreatorTest" name="shouldFailToCreateIssueIfCantAuthenticate"/>
  <testcase time="0.001" classname="org.sonar.plugins.jira.reviews.JiraIssueCreatorTest" name="shouldFailToCreateIssueIfNotEnoughRights"/>
  <testcase time="0.024" classname="org.sonar.plugins.jira.reviews.JiraIssueCreatorTest" name="shouldCreateIssue"/>
  <testcase time="0.001" classname="org.sonar.plugins.jira.reviews.JiraIssueCreatorTest" name="shouldFailToCreateIssueIfCantConnect"/>
  <testcase time="0.001" classname="org.sonar.plugins.jira.reviews.JiraIssueCreatorTest" name="shouldFailToCreateIssueIfRemoteError"/>
  <testcase time="0.001" classname="org.sonar.plugins.jira.reviews.JiraIssueCreatorTest" name="shouldInitRemoteIssueWithTaskType"/>
  <testcase time="0.001" classname="org.sonar.plugins.jira.reviews.JiraIssueCreatorTest" name="shouldInitRemoteIssueWithComponent"/>
  <testcase time="0" classname="org.sonar.plugins.jira.reviews.JiraIssueCreatorTest" name="shouldInitRemoteIssue"/>
  <testcase time="0.001" classname="org.sonar.plugins.jira.reviews.JiraIssueCreatorTest" name="shouldGiveDefaultPriority"/>
  <testcase time="0.001" classname="org.sonar.plugins.jira.reviews.JiraIssueCreatorTest" name="shouldInitRemoteIssueWithoutName"/>
</testsuite>